{"C:\\Users\\ashmi\\Drug Interaction\\backend\\src\\middleware\\rbac.js": {"path":"C:\\Users\\ashmi\\Drug Interaction\\backend\\src\\middleware\\rbac.js","statementMap":{"0":{"start":{"line":2,"column":4},"end":{"line":20,"column":6}},"1":{"start":{"line":3,"column":8},"end":{"line":9,"column":9}},"2":{"start":{"line":4,"column":12},"end":{"line":8,"column":15}},"3":{"start":{"line":11,"column":8},"end":{"line":17,"column":9}},"4":{"start":{"line":12,"column":12},"end":{"line":16,"column":15}},"5":{"start":{"line":19,"column":8},"end":{"line":19,"column":15}},"6":{"start":{"line":24,"column":22},"end":{"line":24,"column":50}},"7":{"start":{"line":25,"column":18},"end":{"line":25,"column":36}},"8":{"start":{"line":26,"column":17},"end":{"line":26,"column":70}},"9":{"start":{"line":27,"column":22},"end":{"line":27,"column":64}},"10":{"start":{"line":29,"column":0},"end":{"line":29,"column":82}}},"fnMap":{"0":{"name":"rbacGuard","decl":{"start":{"line":1,"column":9},"end":{"line":1,"column":18}},"loc":{"start":{"line":1,"column":36},"end":{"line":21,"column":1}},"line":1},"1":{"name":"(anonymous_1)","decl":{"start":{"line":2,"column":11},"end":{"line":2,"column":12}},"loc":{"start":{"line":2,"column":31},"end":{"line":20,"column":5}},"line":2}},"branchMap":{"0":{"loc":{"start":{"line":3,"column":8},"end":{"line":9,"column":9}},"type":"if","locations":[{"start":{"line":3,"column":8},"end":{"line":9,"column":9}},{"start":{},"end":{}}],"line":3},"1":{"loc":{"start":{"line":11,"column":8},"end":{"line":17,"column":9}},"type":"if","locations":[{"start":{"line":11,"column":8},"end":{"line":17,"column":9}},{"start":{},"end":{}}],"line":11}},"s":{"0":10,"1":6,"2":1,"3":5,"4":2,"5":3,"6":1,"7":1,"8":1,"9":1,"10":1},"f":{"0":10,"1":6},"b":{"0":[1,5],"1":[2,3]},"inputSourceMap":null,"_coverageSchema":"1a1c01bbd47fc00a2c39e90264f33305004495a9","hash":"5f1d4313a68a225dbc69a988472f80f1eb3f49d4"}
,"C:\\Users\\ashmi\\Drug Interaction\\backend\\src\\services\\interactionEngine.ts": {"path":"C:\\Users\\ashmi\\Drug Interaction\\backend\\src\\services\\interactionEngine.ts","statementMap":{"0":{"start":{"line":68,"column":0},"end":{"line":68,"column":7}},"1":{"start":{"line":214,"column":0},"end":{"line":214,"column":7}},"2":{"start":{"line":8,"column":0},"end":{"line":8,"column":46}},"3":{"start":{"line":9,"column":0},"end":{"line":9,"column":104}},"4":{"start":{"line":10,"column":0},"end":{"line":10,"column":46}},"5":{"start":{"line":12,"column":0},"end":{"line":12,"column":37}},"6":{"start":{"line":20,"column":53},"end":{"line":25,"column":2}},"7":{"start":{"line":227,"column":9},"end":{"line":227,"column":22}},"8":{"start":{"line":43,"column":33},"end":{"line":53,"column":null}},"9":{"start":{"line":45,"column":23},"end":{"line":45,"column":62}},"10":{"start":{"line":46,"column":8},"end":{"line":46,"column":45}},"11":{"start":{"line":56,"column":0},"end":{"line":59,"column":3}},"12":{"start":{"line":57,"column":4},"end":{"line":57,"column":82}},"13":{"start":{"line":58,"column":4},"end":{"line":58,"column":21}},"14":{"start":{"line":61,"column":0},"end":{"line":61,"column":88}},"15":{"start":{"line":61,"column":42},"end":{"line":61,"column":86}},"16":{"start":{"line":62,"column":0},"end":{"line":62,"column":94}},"17":{"start":{"line":62,"column":46},"end":{"line":62,"column":92}},"18":{"start":{"line":63,"column":0},"end":{"line":63,"column":88}},"19":{"start":{"line":63,"column":43},"end":{"line":63,"column":86}},"20":{"start":{"line":69,"column":4},"end":{"line":69,"column":50}},"21":{"start":{"line":69,"column":40},"end":{"line":69,"column":50}},"22":{"start":{"line":72,"column":54},"end":{"line":76,"column":31}},"23":{"start":{"line":78,"column":4},"end":{"line":81,"column":5}},"24":{"start":{"line":79,"column":8},"end":{"line":79,"column":85}},"25":{"start":{"line":80,"column":8},"end":{"line":80,"column":60}},"26":{"start":{"line":84,"column":94},"end":{"line":84,"column":96}},"27":{"start":{"line":85,"column":4},"end":{"line":91,"column":5}},"28":{"start":{"line":86,"column":8},"end":{"line":86,"column":71}},"29":{"start":{"line":86,"column":40},"end":{"line":86,"column":71}},"30":{"start":{"line":87,"column":8},"end":{"line":90,"column":11}},"31":{"start":{"line":93,"column":28},"end":{"line":97,"column":31}},"32":{"start":{"line":99,"column":84},"end":{"line":99,"column":86}},"33":{"start":{"line":100,"column":4},"end":{"line":102,"column":5}},"34":{"start":{"line":101,"column":8},"end":{"line":101,"column":94}},"35":{"start":{"line":105,"column":26},"end":{"line":105,"column":47}},"36":{"start":{"line":106,"column":48},"end":{"line":106,"column":50}},"37":{"start":{"line":107,"column":22},"end":{"line":107,"column":39}},"38":{"start":{"line":109,"column":4},"end":{"line":132,"column":5}},"39":{"start":{"line":109,"column":17},"end":{"line":109,"column":18}},"40":{"start":{"line":110,"column":8},"end":{"line":131,"column":9}},"41":{"start":{"line":110,"column":21},"end":{"line":110,"column":26}},"42":{"start":{"line":111,"column":28},"end":{"line":111,"column":44}},"43":{"start":{"line":112,"column":28},"end":{"line":112,"column":44}},"44":{"start":{"line":113,"column":33},"end":{"line":113,"column":61}},"45":{"start":{"line":114,"column":33},"end":{"line":114,"column":61}},"46":{"start":{"line":116,"column":12},"end":{"line":130,"column":13}},"47":{"start":{"line":117,"column":16},"end":{"line":129,"column":17}},"48":{"start":{"line":118,"column":20},"end":{"line":118,"column":74}},"49":{"start":{"line":118,"column":65},"end":{"line":118,"column":74}},"50":{"start":{"line":119,"column":48},"end":{"line":121,"column":64}},"51":{"start":{"line":122,"column":36},"end":{"line":122,"column":60}},"52":{"start":{"line":123,"column":20},"end":{"line":123,"column":57}},"53":{"start":{"line":123,"column":48},"end":{"line":123,"column":57}},"54":{"start":{"line":124,"column":20},"end":{"line":124,"column":43}},"55":{"start":{"line":125,"column":52},"end":{"line":127,"column":68}},"56":{"start":{"line":128,"column":20},"end":{"line":128,"column":102}},"57":{"start":{"line":134,"column":4},"end":{"line":134,"column":45}},"58":{"start":{"line":134,"column":35},"end":{"line":134,"column":45}},"59":{"start":{"line":137,"column":26},"end":{"line":138,"column":null}},"60":{"start":{"line":138,"column":32},"end":{"line":138,"column":75}},"61":{"start":{"line":142,"column":24},"end":{"line":145,"column":6}},"62":{"start":{"line":143,"column":20},"end":{"line":143,"column":48}},"63":{"start":{"line":144,"column":8},"end":{"line":144,"column":39}},"64":{"start":{"line":147,"column":4},"end":{"line":173,"column":5}},"65":{"start":{"line":148,"column":29},"end":{"line":150,"column":22}},"66":{"start":{"line":149,"column":24},"end":{"line":149,"column":95}},"67":{"start":{"line":152,"column":57},"end":{"line":156,"column":29}},"68":{"start":{"line":158,"column":8},"end":{"line":172,"column":9}},"69":{"start":{"line":159,"column":71},"end":{"line":159,"column":73}},"70":{"start":{"line":160,"column":12},"end":{"line":162,"column":13}},"71":{"start":{"line":161,"column":16},"end":{"line":161,"column":83}},"72":{"start":{"line":164,"column":46},"end":{"line":164,"column":48}},"73":{"start":{"line":165,"column":12},"end":{"line":170,"column":13}},"74":{"start":{"line":166,"column":28},"end":{"line":166,"column":62}},"75":{"start":{"line":167,"column":31},"end":{"line":167,"column":74}},"76":{"start":{"line":168,"column":16},"end":{"line":168,"column":54}},"77":{"start":{"line":169,"column":16},"end":{"line":169,"column":89}},"78":{"start":{"line":171,"column":12},"end":{"line":171,"column":57}},"79":{"start":{"line":176,"column":39},"end":{"line":176,"column":41}},"80":{"start":{"line":177,"column":29},"end":{"line":177,"column":46}},"81":{"start":{"line":179,"column":4},"end":{"line":208,"column":5}},"82":{"start":{"line":180,"column":20},"end":{"line":180,"column":54}},"83":{"start":{"line":181,"column":28},"end":{"line":181,"column":50}},"84":{"start":{"line":182,"column":8},"end":{"line":182,"column":60}},"85":{"start":{"line":182,"column":51},"end":{"line":182,"column":60}},"86":{"start":{"line":183,"column":8},"end":{"line":183,"column":59}},"87":{"start":{"line":183,"column":50},"end":{"line":183,"column":59}},"88":{"start":{"line":184,"column":8},"end":{"line":184,"column":45}},"89":{"start":{"line":186,"column":8},"end":{"line":207,"column":11}},"90":{"start":{"line":210,"column":4},"end":{"line":210,"column":97}},"91":{"start":{"line":210,"column":26},"end":{"line":210,"column":95}},"92":{"start":{"line":211,"column":4},"end":{"line":211,"column":18}},"93":{"start":{"line":215,"column":47},"end":{"line":219,"column":31}},"94":{"start":{"line":221,"column":4},"end":{"line":221,"column":69}},"95":{"start":{"line":221,"column":15},"end":{"line":221,"column":69}},"96":{"start":{"line":222,"column":4},"end":{"line":222,"column":70}},"97":{"start":{"line":222,"column":60},"end":{"line":222,"column":70}},"98":{"start":{"line":224,"column":4},"end":{"line":224,"column":94}},"99":{"start":{"line":224,"column":81},"end":{"line":224,"column":91}}},"fnMap":{"0":{"name":"(anonymous_1)","decl":{"start":{"line":44,"column":4},"end":{"line":44,"column":9}},"loc":{"start":{"line":44,"column":59},"end":{"line":47,"column":5}}},"1":{"name":"(anonymous_2)","decl":{"start":{"line":56,"column":34},"end":{"line":56,"column":47}},"loc":{"start":{"line":56,"column":49},"end":{"line":59,"column":1}}},"2":{"name":"(anonymous_3)","decl":{"start":{"line":61,"column":36},"end":{"line":61,"column":39}},"loc":{"start":{"line":61,"column":42},"end":{"line":61,"column":86}}},"3":{"name":"(anonymous_4)","decl":{"start":{"line":62,"column":40},"end":{"line":62,"column":43}},"loc":{"start":{"line":62,"column":46},"end":{"line":62,"column":92}}},"4":{"name":"(anonymous_5)","decl":{"start":{"line":63,"column":37},"end":{"line":63,"column":40}},"loc":{"start":{"line":63,"column":43},"end":{"line":63,"column":86}}},"5":{"name":"detectInteractions","decl":{"start":{"line":68,"column":22},"end":{"line":68,"column":40}},"loc":{"start":{"line":68,"column":58},"end":{"line":212,"column":1}}},"6":{"name":"(anonymous_7)","decl":{"start":{"line":138,"column":25},"end":{"line":138,"column":26}},"loc":{"start":{"line":138,"column":32},"end":{"line":138,"column":75}}},"7":{"name":"(anonymous_8)","decl":{"start":{"line":142,"column":44},"end":{"line":142,"column":45}},"loc":{"start":{"line":142,"column":50},"end":{"line":145,"column":5}}},"8":{"name":"(anonymous_9)","decl":{"start":{"line":149,"column":17},"end":{"line":149,"column":18}},"loc":{"start":{"line":149,"column":24},"end":{"line":149,"column":95}}},"9":{"name":"(anonymous_10)","decl":{"start":{"line":171,"column":47},"end":{"line":171,"column":50}},"loc":{"start":{"line":171,"column":52},"end":{"line":171,"column":55}}},"10":{"name":"(anonymous_11)","decl":{"start":{"line":210,"column":16},"end":{"line":210,"column":17}},"loc":{"start":{"line":210,"column":26},"end":{"line":210,"column":95}}},"11":{"name":"checkPrescriptionSafety","decl":{"start":{"line":214,"column":22},"end":{"line":214,"column":45}},"loc":{"start":{"line":214,"column":68},"end":{"line":225,"column":1}}},"12":{"name":"(anonymous_13)","decl":{"start":{"line":224,"column":52},"end":{"line":224,"column":53}},"loc":{"start":{"line":224,"column":81},"end":{"line":224,"column":91}}}},"branchMap":{"0":{"loc":{"start":{"line":69,"column":4},"end":{"line":69,"column":50}},"type":"if","locations":[{"start":{"line":69,"column":4},"end":{"line":69,"column":50}}]},"1":{"loc":{"start":{"line":69,"column":8},"end":{"line":69,"column":38}},"type":"binary-expr","locations":[{"start":{"line":69,"column":8},"end":{"line":69,"column":16}},{"start":{"line":69,"column":20},"end":{"line":69,"column":38}}]},"2":{"loc":{"start":{"line":78,"column":4},"end":{"line":81,"column":5}},"type":"if","locations":[{"start":{"line":78,"column":4},"end":{"line":81,"column":5}}]},"3":{"loc":{"start":{"line":85,"column":23},"end":{"line":85,"column":44}},"type":"binary-expr","locations":[{"start":{"line":85,"column":23},"end":{"line":85,"column":38}},{"start":{"line":85,"column":42},"end":{"line":85,"column":44}}]},"4":{"loc":{"start":{"line":86,"column":8},"end":{"line":86,"column":71}},"type":"if","locations":[{"start":{"line":86,"column":8},"end":{"line":86,"column":71}}]},"5":{"loc":{"start":{"line":89,"column":28},"end":{"line":89,"column":61}},"type":"binary-expr","locations":[{"start":{"line":89,"column":28},"end":{"line":89,"column":48}},{"start":{"line":89,"column":52},"end":{"line":89,"column":61}}]},"6":{"loc":{"start":{"line":100,"column":24},"end":{"line":100,"column":53}},"type":"binary-expr","locations":[{"start":{"line":100,"column":24},"end":{"line":100,"column":47}},{"start":{"line":100,"column":51},"end":{"line":100,"column":53}}]},"7":{"loc":{"start":{"line":113,"column":33},"end":{"line":113,"column":61}},"type":"binary-expr","locations":[{"start":{"line":113,"column":33},"end":{"line":113,"column":55}},{"start":{"line":113,"column":59},"end":{"line":113,"column":61}}]},"8":{"loc":{"start":{"line":114,"column":33},"end":{"line":114,"column":61}},"type":"binary-expr","locations":[{"start":{"line":114,"column":33},"end":{"line":114,"column":55}},{"start":{"line":114,"column":59},"end":{"line":114,"column":61}}]},"9":{"loc":{"start":{"line":118,"column":20},"end":{"line":118,"column":74}},"type":"if","locations":[{"start":{"line":118,"column":20},"end":{"line":118,"column":74}}]},"10":{"loc":{"start":{"line":119,"column":48},"end":{"line":121,"column":64}},"type":"cond-expr","locations":[{"start":{"line":120,"column":26},"end":{"line":120,"column":64}},{"start":{"line":121,"column":26},"end":{"line":121,"column":64}}]},"11":{"loc":{"start":{"line":123,"column":20},"end":{"line":123,"column":57}},"type":"if","locations":[{"start":{"line":123,"column":20},"end":{"line":123,"column":57}}]},"12":{"loc":{"start":{"line":125,"column":52},"end":{"line":127,"column":68}},"type":"cond-expr","locations":[{"start":{"line":126,"column":26},"end":{"line":126,"column":68}},{"start":{"line":127,"column":26},"end":{"line":127,"column":68}}]},"13":{"loc":{"start":{"line":134,"column":4},"end":{"line":134,"column":45}},"type":"if","locations":[{"start":{"line":134,"column":4},"end":{"line":134,"column":45}}]},"14":{"loc":{"start":{"line":147,"column":4},"end":{"line":173,"column":5}},"type":"if","locations":[{"start":{"line":147,"column":4},"end":{"line":173,"column":5}}]},"15":{"loc":{"start":{"line":158,"column":8},"end":{"line":172,"column":9}},"type":"if","locations":[{"start":{"line":158,"column":8},"end":{"line":172,"column":9}}]},"16":{"loc":{"start":{"line":160,"column":31},"end":{"line":160,"column":51}},"type":"binary-expr","locations":[{"start":{"line":160,"column":31},"end":{"line":160,"column":45}},{"start":{"line":160,"column":49},"end":{"line":160,"column":51}}]},"17":{"loc":{"start":{"line":167,"column":31},"end":{"line":167,"column":74}},"type":"binary-expr","locations":[{"start":{"line":167,"column":31},"end":{"line":167,"column":47}},{"start":{"line":167,"column":51},"end":{"line":167,"column":74}}]},"18":{"loc":{"start":{"line":182,"column":8},"end":{"line":182,"column":60}},"type":"if","locations":[{"start":{"line":182,"column":8},"end":{"line":182,"column":60}}]},"19":{"loc":{"start":{"line":182,"column":12},"end":{"line":182,"column":49}},"type":"binary-expr","locations":[{"start":{"line":182,"column":12},"end":{"line":182,"column":24}},{"start":{"line":182,"column":28},"end":{"line":182,"column":49}}]},"20":{"loc":{"start":{"line":183,"column":8},"end":{"line":183,"column":59}},"type":"if","locations":[{"start":{"line":183,"column":8},"end":{"line":183,"column":59}}]},"21":{"loc":{"start":{"line":190,"column":27},"end":{"line":190,"column":76}},"type":"binary-expr","locations":[{"start":{"line":190,"column":27},"end":{"line":190,"column":63}},{"start":{"line":190,"column":67},"end":{"line":190,"column":76}}]},"22":{"loc":{"start":{"line":191,"column":30},"end":{"line":191,"column":81}},"type":"binary-expr","locations":[{"start":{"line":191,"column":30},"end":{"line":191,"column":68}},{"start":{"line":191,"column":72},"end":{"line":191,"column":81}}]},"23":{"loc":{"start":{"line":193,"column":27},"end":{"line":193,"column":76}},"type":"binary-expr","locations":[{"start":{"line":193,"column":27},"end":{"line":193,"column":63}},{"start":{"line":193,"column":67},"end":{"line":193,"column":76}}]},"24":{"loc":{"start":{"line":194,"column":30},"end":{"line":194,"column":81}},"type":"binary-expr","locations":[{"start":{"line":194,"column":30},"end":{"line":194,"column":68}},{"start":{"line":194,"column":72},"end":{"line":194,"column":81}}]},"25":{"loc":{"start":{"line":210,"column":27},"end":{"line":210,"column":58}},"type":"binary-expr","locations":[{"start":{"line":210,"column":27},"end":{"line":210,"column":52}},{"start":{"line":210,"column":56},"end":{"line":210,"column":58}}]},"26":{"loc":{"start":{"line":210,"column":63},"end":{"line":210,"column":94}},"type":"binary-expr","locations":[{"start":{"line":210,"column":63},"end":{"line":210,"column":88}},{"start":{"line":210,"column":92},"end":{"line":210,"column":94}}]},"27":{"loc":{"start":{"line":221,"column":4},"end":{"line":221,"column":69}},"type":"if","locations":[{"start":{"line":221,"column":4},"end":{"line":221,"column":69}}]},"28":{"loc":{"start":{"line":222,"column":4},"end":{"line":222,"column":70}},"type":"if","locations":[{"start":{"line":222,"column":4},"end":{"line":222,"column":70}}]},"29":{"loc":{"start":{"line":222,"column":8},"end":{"line":222,"column":58}},"type":"binary-expr","locations":[{"start":{"line":222,"column":8},"end":{"line":222,"column":26}},{"start":{"line":222,"column":30},"end":{"line":222,"column":58}}]}},"s":{"0":1,"1":1,"2":1,"3":1,"4":1,"5":1,"6":1,"7":1,"8":1,"9":1,"10":1,"11":1,"12":0,"13":0,"14":1,"15":0,"16":1,"17":0,"18":1,"19":0,"20":5,"21":3,"22":2,"23":2,"24":0,"25":0,"26":2,"27":2,"28":2,"29":2,"30":2,"31":2,"32":2,"33":2,"34":2,"35":2,"36":2,"37":2,"38":2,"39":2,"40":3,"41":3,"42":1,"43":1,"44":1,"45":1,"46":1,"47":1,"48":1,"49":0,"50":1,"51":1,"52":1,"53":0,"54":1,"55":1,"56":1,"57":2,"58":1,"59":1,"60":1,"61":1,"62":1,"63":1,"64":1,"65":0,"66":0,"67":0,"68":0,"69":0,"70":0,"71":0,"72":0,"73":0,"74":0,"75":0,"76":0,"77":0,"78":0,"79":1,"80":1,"81":1,"82":1,"83":1,"84":1,"85":0,"86":1,"87":0,"88":1,"89":1,"90":1,"91":0,"92":1,"93":0,"94":0,"95":0,"96":0,"97":0,"98":0,"99":0},"f":{"0":1,"1":0,"2":0,"3":0,"4":0,"5":5,"6":1,"7":1,"8":0,"9":0,"10":0,"11":0,"12":0},"b":{"0":[3],"1":[5,4],"2":[0],"3":[2,0],"4":[2],"5":[2,0],"6":[2,0],"7":[1,0],"8":[1,0],"9":[0],"10":[1,0],"11":[0],"12":[1,0],"13":[1],"14":[0],"15":[0],"16":[0,0],"17":[0,0],"18":[0],"19":[1,1],"20":[0],"21":[1,0],"22":[1,0],"23":[1,0],"24":[1,0],"25":[0,0],"26":[0,0],"27":[0],"28":[0],"29":[0,0]}}
}
