TN:
SF:src\middleware\rbac.js
FN:1,rbacGuard
FN:2,(anonymous_1)
FNF:2
FNH:2
FNDA:10,rbacGuard
FNDA:6,(anonymous_1)
DA:2,10
DA:3,6
DA:4,1
DA:11,5
DA:12,2
DA:19,3
DA:24,1
DA:25,1
DA:26,1
DA:27,1
DA:29,1
LF:11
LH:11
BRDA:3,0,0,1
BRDA:3,0,1,5
BRDA:11,1,0,2
BRDA:11,1,1,3
BRF:4
BRH:4
end_of_record
TN:
SF:src\services\interactionEngine.ts
FN:44,(anonymous_1)
FN:56,(anonymous_2)
FN:61,(anonymous_3)
FN:62,(anonymous_4)
FN:63,(anonymous_5)
FN:68,detectInteractions
FN:138,(anonymous_7)
FN:142,(anonymous_8)
FN:149,(anonymous_9)
FN:171,(anonymous_10)
FN:210,(anonymous_11)
FN:214,checkPrescriptionSafety
FN:224,(anonymous_13)
FNF:13
FNH:4
FNDA:1,(anonymous_1)
FNDA:0,(anonymous_2)
FNDA:0,(anonymous_3)
FNDA:0,(anonymous_4)
FNDA:0,(anonymous_5)
FNDA:5,detectInteractions
FNDA:1,(anonymous_7)
FNDA:1,(anonymous_8)
FNDA:0,(anonymous_9)
FNDA:0,(anonymous_10)
FNDA:0,(anonymous_11)
FNDA:0,checkPrescriptionSafety
FNDA:0,(anonymous_13)
DA:8,1
DA:9,1
DA:10,1
DA:12,1
DA:20,1
DA:43,1
DA:45,1
DA:46,1
DA:56,1
DA:57,0
DA:58,0
DA:61,1
DA:62,1
DA:63,1
DA:68,1
DA:69,5
DA:72,2
DA:78,2
DA:79,0
DA:80,0
DA:84,2
DA:85,2
DA:86,2
DA:87,2
DA:93,2
DA:99,2
DA:100,2
DA:101,2
DA:105,2
DA:106,2
DA:107,2
DA:109,2
DA:110,3
DA:111,1
DA:112,1
DA:113,1
DA:114,1
DA:116,1
DA:117,1
DA:118,1
DA:119,1
DA:122,1
DA:123,1
DA:124,1
DA:125,1
DA:128,1
DA:134,2
DA:137,1
DA:138,1
DA:142,1
DA:143,1
DA:144,1
DA:147,1
DA:148,0
DA:149,0
DA:152,0
DA:158,0
DA:159,0
DA:160,0
DA:161,0
DA:164,0
DA:165,0
DA:166,0
DA:167,0
DA:168,0
DA:169,0
DA:171,0
DA:176,1
DA:177,1
DA:179,1
DA:180,1
DA:181,1
DA:182,1
DA:183,1
DA:184,1
DA:186,1
DA:210,1
DA:211,1
DA:214,1
DA:215,0
DA:221,0
DA:222,0
DA:224,0
DA:227,1
LF:84
LH:62
BRDA:69,0,0,3
BRDA:69,1,0,5
BRDA:69,1,1,4
BRDA:78,2,0,0
BRDA:85,3,0,2
BRDA:85,3,1,0
BRDA:86,4,0,2
BRDA:89,5,0,2
BRDA:89,5,1,0
BRDA:100,6,0,2
BRDA:100,6,1,0
BRDA:113,7,0,1
BRDA:113,7,1,0
BRDA:114,8,0,1
BRDA:114,8,1,0
BRDA:118,9,0,0
BRDA:119,10,0,1
BRDA:119,10,1,0
BRDA:123,11,0,0
BRDA:125,12,0,1
BRDA:125,12,1,0
BRDA:134,13,0,1
BRDA:147,14,0,0
BRDA:158,15,0,0
BRDA:160,16,0,0
BRDA:160,16,1,0
BRDA:167,17,0,0
BRDA:167,17,1,0
BRDA:182,18,0,0
BRDA:182,19,0,1
BRDA:182,19,1,1
BRDA:183,20,0,0
BRDA:190,21,0,1
BRDA:190,21,1,0
BRDA:191,22,0,1
BRDA:191,22,1,0
BRDA:193,23,0,1
BRDA:193,23,1,0
BRDA:194,24,0,1
BRDA:194,24,1,0
BRDA:210,25,0,0
BRDA:210,25,1,0
BRDA:210,26,0,0
BRDA:210,26,1,0
BRDA:221,27,0,0
BRDA:222,28,0,0
BRDA:222,29,0,0
BRDA:222,29,1,0
BRF:48
BRH:18
end_of_record
